
> my-v0-project@0.1.0 dev
> next dev -p 3001

   ▲ Next.js 15.2.4
   - Local:        http://localhost:3001
   - Network:      http://127.94.0.1:3001
   - Environments: .env.local
   - Experiments (use with caution):
     ✓ optimizeCss
     ✓ scrollRestoration

 ✓ Starting...
 ✓ Ready in 2.7s
 ○ Compiling /api/public/content ...
 ✓ Compiled /api/public/content in 1546ms (501 modules)
 GET /api/public/content 200 in 2423ms
 GET /api/public/content 200 in 199ms
 ✓ Compiled in 402ms (227 modules)
 ✓ Compiled in 101ms (227 modules)
 ✓ Compiled in 76ms (227 modules)
 ✓ Compiled in 103ms (227 modules)
 ✓ Compiled in 97ms (227 modules)
 ✓ Compiled in 12ms
 ✓ Compiled /api/public/content in 104ms (227 modules)
 GET /api/public/content 200 in 510ms
 ○ Compiling / ...
 ⚠ ./node_modules/@supabase/realtime-js/dist/main/RealtimeClient.js
Critical dependency: the request of a dependency is an expression

Import trace for requested module:
./node_modules/@supabase/realtime-js/dist/main/RealtimeClient.js
./node_modules/@supabase/realtime-js/dist/main/index.js
./node_modules/@supabase/supabase-js/dist/module/index.js
./lib/supabase.ts
./app/api/public/content/route.ts
 GET / 200 in 5848ms
 ⚠ ./node_modules/@supabase/realtime-js/dist/main/RealtimeClient.js
Critical dependency: the request of a dependency is an expression

Import trace for requested module:
./node_modules/@supabase/realtime-js/dist/main/RealtimeClient.js
./node_modules/@supabase/realtime-js/dist/main/index.js
./node_modules/@supabase/supabase-js/dist/module/index.js
./lib/supabase.ts
./app/api/public/content/route.ts
 GET /content-viewer 200 in 2144ms
 ⚠ ./node_modules/@supabase/realtime-js/dist/main/RealtimeClient.js
Critical dependency: the request of a dependency is an expression

Import trace for requested module:
./node_modules/@supabase/realtime-js/dist/main/RealtimeClient.js
./node_modules/@supabase/realtime-js/dist/main/index.js
./node_modules/@supabase/supabase-js/dist/module/index.js
./lib/supabase.ts
./app/api/public/content/route.ts
 ⚠ ./node_modules/@supabase/realtime-js/dist/main/RealtimeClient.js
Critical dependency: the request of a dependency is an expression

Import trace for requested module:
./node_modules/@supabase/realtime-js/dist/main/RealtimeClient.js
./node_modules/@supabase/realtime-js/dist/main/index.js
./node_modules/@supabase/supabase-js/dist/module/index.js
./lib/supabase.ts
./app/api/public/content/route.ts
 ✓ Compiled /content-viewer in 311ms (835 modules)
 ✓ Compiled in 172ms (835 modules)
 ✓ Compiled in 12ms
[?25h
